2015-03-24 06:01:01 Notice: Notice (8): Undefined variable: settings in [/var/www/html/mapster-api/src/Controller/AppController.php, line 76]
Trace:
Cake\Error\BaseErrorHandler::handleError() - CORE/src/Error/BaseErrorHandler.php, line 138
App\Controller\AppController::view() - APP/Controller/AppController.php, line 76
Cake\Controller\Controller::invokeAction() - CORE/src/Controller/Controller.php, line 405
Cake\Routing\Dispatcher::_invoke() - CORE/src/Routing/Dispatcher.php, line 114
Cake\Routing\Dispatcher::dispatch() - CORE/src/Routing/Dispatcher.php, line 87
[main] - ROOT/webroot/index.php, line 37



2015-03-24 06:02:43 Notice: Notice (8): Undefined index: id in [/var/www/html/mapster-api/src/Controller/AppController.php, line 50]
Trace:
Cake\Error\BaseErrorHandler::handleError() - CORE/src/Error/BaseErrorHandler.php, line 138
App\Controller\AppController::index() - APP/Controller/AppController.php, line 50
Cake\Controller\Controller::invokeAction() - CORE/src/Controller/Controller.php, line 405
Cake\Routing\Dispatcher::_invoke() - CORE/src/Routing/Dispatcher.php, line 114
Cake\Routing\Dispatcher::dispatch() - CORE/src/Routing/Dispatcher.php, line 87
[main] - ROOT/webroot/index.php, line 37



2015-03-24 06:02:43 Notice: Notice (8): Undefined index: id in [/var/www/html/mapster-api/src/Controller/AppController.php, line 50]
Trace:
Cake\Error\BaseErrorHandler::handleError() - CORE/src/Error/BaseErrorHandler.php, line 138
App\Controller\AppController::index() - APP/Controller/AppController.php, line 50
Cake\Controller\Controller::invokeAction() - CORE/src/Controller/Controller.php, line 405
Cake\Routing\Dispatcher::_invoke() - CORE/src/Routing/Dispatcher.php, line 114
Cake\Routing\Dispatcher::dispatch() - CORE/src/Routing/Dispatcher.php, line 87
[main] - ROOT/webroot/index.php, line 37



2015-03-24 06:02:43 Notice: Notice (8): Undefined index: id in [/var/www/html/mapster-api/src/Controller/AppController.php, line 50]
Trace:
Cake\Error\BaseErrorHandler::handleError() - CORE/src/Error/BaseErrorHandler.php, line 138
App\Controller\AppController::index() - APP/Controller/AppController.php, line 50
Cake\Controller\Controller::invokeAction() - CORE/src/Controller/Controller.php, line 405
Cake\Routing\Dispatcher::_invoke() - CORE/src/Routing/Dispatcher.php, line 114
Cake\Routing\Dispatcher::dispatch() - CORE/src/Routing/Dispatcher.php, line 87
[main] - ROOT/webroot/index.php, line 37



2015-03-24 06:02:43 Notice: Notice (8): Undefined index: id in [/var/www/html/mapster-api/src/Controller/AppController.php, line 50]
Trace:
Cake\Error\BaseErrorHandler::handleError() - CORE/src/Error/BaseErrorHandler.php, line 138
App\Controller\AppController::index() - APP/Controller/AppController.php, line 50
Cake\Controller\Controller::invokeAction() - CORE/src/Controller/Controller.php, line 405
Cake\Routing\Dispatcher::_invoke() - CORE/src/Routing/Dispatcher.php, line 114
Cake\Routing\Dispatcher::dispatch() - CORE/src/Routing/Dispatcher.php, line 87
[main] - ROOT/webroot/index.php, line 37



2015-03-24 06:02:43 Notice: Notice (8): Undefined index: id in [/var/www/html/mapster-api/src/Controller/AppController.php, line 50]
Trace:
Cake\Error\BaseErrorHandler::handleError() - CORE/src/Error/BaseErrorHandler.php, line 138
App\Controller\AppController::index() - APP/Controller/AppController.php, line 50
Cake\Controller\Controller::invokeAction() - CORE/src/Controller/Controller.php, line 405
Cake\Routing\Dispatcher::_invoke() - CORE/src/Routing/Dispatcher.php, line 114
Cake\Routing\Dispatcher::dispatch() - CORE/src/Routing/Dispatcher.php, line 87
[main] - ROOT/webroot/index.php, line 37



2015-03-24 06:02:43 Notice: Notice (8): Undefined index: id in [/var/www/html/mapster-api/src/Controller/AppController.php, line 50]
Trace:
Cake\Error\BaseErrorHandler::handleError() - CORE/src/Error/BaseErrorHandler.php, line 138
App\Controller\AppController::index() - APP/Controller/AppController.php, line 50
Cake\Controller\Controller::invokeAction() - CORE/src/Controller/Controller.php, line 405
Cake\Routing\Dispatcher::_invoke() - CORE/src/Routing/Dispatcher.php, line 114
Cake\Routing\Dispatcher::dispatch() - CORE/src/Routing/Dispatcher.php, line 87
[main] - ROOT/webroot/index.php, line 37



2015-03-24 06:02:43 Notice: Notice (8): Undefined index: id in [/var/www/html/mapster-api/src/Controller/AppController.php, line 50]
Trace:
Cake\Error\BaseErrorHandler::handleError() - CORE/src/Error/BaseErrorHandler.php, line 138
App\Controller\AppController::index() - APP/Controller/AppController.php, line 50
Cake\Controller\Controller::invokeAction() - CORE/src/Controller/Controller.php, line 405
Cake\Routing\Dispatcher::_invoke() - CORE/src/Routing/Dispatcher.php, line 114
Cake\Routing\Dispatcher::dispatch() - CORE/src/Routing/Dispatcher.php, line 87
[main] - ROOT/webroot/index.php, line 37



2015-03-24 06:02:43 Notice: Notice (8): Undefined index: id in [/var/www/html/mapster-api/src/Controller/AppController.php, line 50]
Trace:
Cake\Error\BaseErrorHandler::handleError() - CORE/src/Error/BaseErrorHandler.php, line 138
App\Controller\AppController::index() - APP/Controller/AppController.php, line 50
Cake\Controller\Controller::invokeAction() - CORE/src/Controller/Controller.php, line 405
Cake\Routing\Dispatcher::_invoke() - CORE/src/Routing/Dispatcher.php, line 114
Cake\Routing\Dispatcher::dispatch() - CORE/src/Routing/Dispatcher.php, line 87
[main] - ROOT/webroot/index.php, line 37



2015-03-24 06:02:43 Notice: Notice (8): Undefined index: id in [/var/www/html/mapster-api/src/Controller/AppController.php, line 50]
Trace:
Cake\Error\BaseErrorHandler::handleError() - CORE/src/Error/BaseErrorHandler.php, line 138
App\Controller\AppController::index() - APP/Controller/AppController.php, line 50
Cake\Controller\Controller::invokeAction() - CORE/src/Controller/Controller.php, line 405
Cake\Routing\Dispatcher::_invoke() - CORE/src/Routing/Dispatcher.php, line 114
Cake\Routing\Dispatcher::dispatch() - CORE/src/Routing/Dispatcher.php, line 87
[main] - ROOT/webroot/index.php, line 37



2015-03-24 06:02:43 Notice: Notice (8): Undefined index: id in [/var/www/html/mapster-api/src/Controller/AppController.php, line 50]
Trace:
Cake\Error\BaseErrorHandler::handleError() - CORE/src/Error/BaseErrorHandler.php, line 138
App\Controller\AppController::index() - APP/Controller/AppController.php, line 50
Cake\Controller\Controller::invokeAction() - CORE/src/Controller/Controller.php, line 405
Cake\Routing\Dispatcher::_invoke() - CORE/src/Routing/Dispatcher.php, line 114
Cake\Routing\Dispatcher::dispatch() - CORE/src/Routing/Dispatcher.php, line 87
[main] - ROOT/webroot/index.php, line 37



2015-03-24 06:02:43 Notice: Notice (8): Undefined index: id in [/var/www/html/mapster-api/src/Controller/AppController.php, line 50]
Trace:
Cake\Error\BaseErrorHandler::handleError() - CORE/src/Error/BaseErrorHandler.php, line 138
App\Controller\AppController::index() - APP/Controller/AppController.php, line 50
Cake\Controller\Controller::invokeAction() - CORE/src/Controller/Controller.php, line 405
Cake\Routing\Dispatcher::_invoke() - CORE/src/Routing/Dispatcher.php, line 114
Cake\Routing\Dispatcher::dispatch() - CORE/src/Routing/Dispatcher.php, line 87
[main] - ROOT/webroot/index.php, line 37



2015-03-24 06:02:43 Notice: Notice (8): Undefined index: id in [/var/www/html/mapster-api/src/Controller/AppController.php, line 50]
Trace:
Cake\Error\BaseErrorHandler::handleError() - CORE/src/Error/BaseErrorHandler.php, line 138
App\Controller\AppController::index() - APP/Controller/AppController.php, line 50
Cake\Controller\Controller::invokeAction() - CORE/src/Controller/Controller.php, line 405
Cake\Routing\Dispatcher::_invoke() - CORE/src/Routing/Dispatcher.php, line 114
Cake\Routing\Dispatcher::dispatch() - CORE/src/Routing/Dispatcher.php, line 87
[main] - ROOT/webroot/index.php, line 37



2015-03-24 06:02:43 Notice: Notice (8): Undefined index: id in [/var/www/html/mapster-api/src/Controller/AppController.php, line 50]
Trace:
Cake\Error\BaseErrorHandler::handleError() - CORE/src/Error/BaseErrorHandler.php, line 138
App\Controller\AppController::index() - APP/Controller/AppController.php, line 50
Cake\Controller\Controller::invokeAction() - CORE/src/Controller/Controller.php, line 405
Cake\Routing\Dispatcher::_invoke() - CORE/src/Routing/Dispatcher.php, line 114
Cake\Routing\Dispatcher::dispatch() - CORE/src/Routing/Dispatcher.php, line 87
[main] - ROOT/webroot/index.php, line 37



2015-03-24 06:02:43 Notice: Notice (8): Undefined index: id in [/var/www/html/mapster-api/src/Controller/AppController.php, line 50]
Trace:
Cake\Error\BaseErrorHandler::handleError() - CORE/src/Error/BaseErrorHandler.php, line 138
App\Controller\AppController::index() - APP/Controller/AppController.php, line 50
Cake\Controller\Controller::invokeAction() - CORE/src/Controller/Controller.php, line 405
Cake\Routing\Dispatcher::_invoke() - CORE/src/Routing/Dispatcher.php, line 114
Cake\Routing\Dispatcher::dispatch() - CORE/src/Routing/Dispatcher.php, line 87
[main] - ROOT/webroot/index.php, line 37



2015-03-24 06:02:43 Notice: Notice (8): Undefined index: id in [/var/www/html/mapster-api/src/Controller/AppController.php, line 50]
Trace:
Cake\Error\BaseErrorHandler::handleError() - CORE/src/Error/BaseErrorHandler.php, line 138
App\Controller\AppController::index() - APP/Controller/AppController.php, line 50
Cake\Controller\Controller::invokeAction() - CORE/src/Controller/Controller.php, line 405
Cake\Routing\Dispatcher::_invoke() - CORE/src/Routing/Dispatcher.php, line 114
Cake\Routing\Dispatcher::dispatch() - CORE/src/Routing/Dispatcher.php, line 87
[main] - ROOT/webroot/index.php, line 37



2015-03-24 06:02:43 Notice: Notice (8): Undefined index: id in [/var/www/html/mapster-api/src/Controller/AppController.php, line 50]
Trace:
Cake\Error\BaseErrorHandler::handleError() - CORE/src/Error/BaseErrorHandler.php, line 138
App\Controller\AppController::index() - APP/Controller/AppController.php, line 50
Cake\Controller\Controller::invokeAction() - CORE/src/Controller/Controller.php, line 405
Cake\Routing\Dispatcher::_invoke() - CORE/src/Routing/Dispatcher.php, line 114
Cake\Routing\Dispatcher::dispatch() - CORE/src/Routing/Dispatcher.php, line 87
[main] - ROOT/webroot/index.php, line 37



2015-03-24 06:02:43 Notice: Notice (8): Undefined index: id in [/var/www/html/mapster-api/src/Controller/AppController.php, line 50]
Trace:
Cake\Error\BaseErrorHandler::handleError() - CORE/src/Error/BaseErrorHandler.php, line 138
App\Controller\AppController::index() - APP/Controller/AppController.php, line 50
Cake\Controller\Controller::invokeAction() - CORE/src/Controller/Controller.php, line 405
Cake\Routing\Dispatcher::_invoke() - CORE/src/Routing/Dispatcher.php, line 114
Cake\Routing\Dispatcher::dispatch() - CORE/src/Routing/Dispatcher.php, line 87
[main] - ROOT/webroot/index.php, line 37



2015-03-24 06:02:43 Notice: Notice (8): Undefined index: id in [/var/www/html/mapster-api/src/Controller/AppController.php, line 50]
Trace:
Cake\Error\BaseErrorHandler::handleError() - CORE/src/Error/BaseErrorHandler.php, line 138
App\Controller\AppController::index() - APP/Controller/AppController.php, line 50
Cake\Controller\Controller::invokeAction() - CORE/src/Controller/Controller.php, line 405
Cake\Routing\Dispatcher::_invoke() - CORE/src/Routing/Dispatcher.php, line 114
Cake\Routing\Dispatcher::dispatch() - CORE/src/Routing/Dispatcher.php, line 87
[main] - ROOT/webroot/index.php, line 37



2015-03-24 06:02:43 Notice: Notice (8): Undefined index: id in [/var/www/html/mapster-api/src/Controller/AppController.php, line 50]
Trace:
Cake\Error\BaseErrorHandler::handleError() - CORE/src/Error/BaseErrorHandler.php, line 138
App\Controller\AppController::index() - APP/Controller/AppController.php, line 50
Cake\Controller\Controller::invokeAction() - CORE/src/Controller/Controller.php, line 405
Cake\Routing\Dispatcher::_invoke() - CORE/src/Routing/Dispatcher.php, line 114
Cake\Routing\Dispatcher::dispatch() - CORE/src/Routing/Dispatcher.php, line 87
[main] - ROOT/webroot/index.php, line 37



2015-03-24 06:02:43 Notice: Notice (8): Undefined index: id in [/var/www/html/mapster-api/src/Controller/AppController.php, line 50]
Trace:
Cake\Error\BaseErrorHandler::handleError() - CORE/src/Error/BaseErrorHandler.php, line 138
App\Controller\AppController::index() - APP/Controller/AppController.php, line 50
Cake\Controller\Controller::invokeAction() - CORE/src/Controller/Controller.php, line 405
Cake\Routing\Dispatcher::_invoke() - CORE/src/Routing/Dispatcher.php, line 114
Cake\Routing\Dispatcher::dispatch() - CORE/src/Routing/Dispatcher.php, line 87
[main] - ROOT/webroot/index.php, line 37



2015-03-24 06:02:43 Notice: Notice (8): Undefined index: id in [/var/www/html/mapster-api/src/Controller/AppController.php, line 50]
Trace:
Cake\Error\BaseErrorHandler::handleError() - CORE/src/Error/BaseErrorHandler.php, line 138
App\Controller\AppController::index() - APP/Controller/AppController.php, line 50
Cake\Controller\Controller::invokeAction() - CORE/src/Controller/Controller.php, line 405
Cake\Routing\Dispatcher::_invoke() - CORE/src/Routing/Dispatcher.php, line 114
Cake\Routing\Dispatcher::dispatch() - CORE/src/Routing/Dispatcher.php, line 87
[main] - ROOT/webroot/index.php, line 37



2015-03-24 06:02:43 Notice: Notice (8): Undefined index: id in [/var/www/html/mapster-api/src/Controller/AppController.php, line 50]
Trace:
Cake\Error\BaseErrorHandler::handleError() - CORE/src/Error/BaseErrorHandler.php, line 138
App\Controller\AppController::index() - APP/Controller/AppController.php, line 50
Cake\Controller\Controller::invokeAction() - CORE/src/Controller/Controller.php, line 405
Cake\Routing\Dispatcher::_invoke() - CORE/src/Routing/Dispatcher.php, line 114
Cake\Routing\Dispatcher::dispatch() - CORE/src/Routing/Dispatcher.php, line 87
[main] - ROOT/webroot/index.php, line 37



2015-03-24 06:06:52 Notice: Notice (8): Undefined index: id in [/var/www/html/mapster-api/src/Controller/AppController.php, line 62]
Trace:
Cake\Error\BaseErrorHandler::handleError() - CORE/src/Error/BaseErrorHandler.php, line 138
App\Controller\AppController::index() - APP/Controller/AppController.php, line 62
Cake\Controller\Controller::invokeAction() - CORE/src/Controller/Controller.php, line 405
Cake\Routing\Dispatcher::_invoke() - CORE/src/Routing/Dispatcher.php, line 114
Cake\Routing\Dispatcher::dispatch() - CORE/src/Routing/Dispatcher.php, line 87
[main] - ROOT/webroot/index.php, line 37



2015-03-24 06:07:12 Notice: Notice (8): Undefined index: id in [/var/www/html/mapster-api/src/Controller/AppController.php, line 62]
Trace:
Cake\Error\BaseErrorHandler::handleError() - CORE/src/Error/BaseErrorHandler.php, line 138
App\Controller\AppController::index() - APP/Controller/AppController.php, line 62
Cake\Controller\Controller::invokeAction() - CORE/src/Controller/Controller.php, line 405
Cake\Routing\Dispatcher::_invoke() - CORE/src/Routing/Dispatcher.php, line 114
Cake\Routing\Dispatcher::dispatch() - CORE/src/Routing/Dispatcher.php, line 87
[main] - ROOT/webroot/index.php, line 37



2015-03-24 06:07:51 Notice: Notice (8): Undefined index: id in [/var/www/html/mapster-api/src/Controller/AppController.php, line 62]
Trace:
Cake\Error\BaseErrorHandler::handleError() - CORE/src/Error/BaseErrorHandler.php, line 138
App\Controller\AppController::index() - APP/Controller/AppController.php, line 62
Cake\Controller\Controller::invokeAction() - CORE/src/Controller/Controller.php, line 405
Cake\Routing\Dispatcher::_invoke() - CORE/src/Routing/Dispatcher.php, line 114
Cake\Routing\Dispatcher::dispatch() - CORE/src/Routing/Dispatcher.php, line 87
[main] - ROOT/webroot/index.php, line 37



