2015-03-24 05:35:32 Warning: DebugKit not enabled. You need to either install pdo_sqlite, or define the "debug_kit" connection name.
2015-03-24 05:35:54 Warning: DebugKit not enabled. You need to either install pdo_sqlite, or define the "debug_kit" connection name.
2015-03-24 05:39:26 Warning: DebugKit not enabled. You need to either install pdo_sqlite, or define the "debug_kit" connection name.
2015-03-24 05:39:26 Error: [Cake\View\Exception\MissingTemplateException] Template file "Pages/json/home.ctp" is missing.
Exception Attributes: array (
  'file' => 'Pages/json/home.ctp',
)
Request URL: /mapster-api/
Stack Trace:
#0 /var/www/html/mapster-api/vendor/cakephp/cakephp/src/View/JsonView.php(127): Cake\View\View->_getViewFileName('home')
#1 /var/www/html/mapster-api/vendor/cakephp/cakephp/src/Controller/Controller.php(576): Cake\View\JsonView->render('home', NULL)
#2 /var/www/html/mapster-api/src/Controller/PagesController.php(57): Cake\Controller\Controller->render('home')
#3 [internal function]: App\Controller\PagesController->display('home')
#4 /var/www/html/mapster-api/vendor/cakephp/cakephp/src/Controller/Controller.php(405): call_user_func_array(Array, Array)
#5 /var/www/html/mapster-api/vendor/cakephp/cakephp/src/Routing/Dispatcher.php(114): Cake\Controller\Controller->invokeAction()
#6 /var/www/html/mapster-api/vendor/cakephp/cakephp/src/Routing/Dispatcher.php(87): Cake\Routing\Dispatcher->_invoke(Object(App\Controller\PagesController))
#7 /var/www/html/mapster-api/webroot/index.php(37): Cake\Routing\Dispatcher->dispatch(Object(Cake\Network\Request), Object(Cake\Network\Response))
#8 /var/www/html/mapster-api/index.php(16): require('/var/www/html/m...')
#9 {main}


2015-03-24 05:39:28 Warning: DebugKit not enabled. You need to either install pdo_sqlite, or define the "debug_kit" connection name.
2015-03-24 05:39:28 Error: [Cake\View\Exception\MissingTemplateException] Template file "Pages/json/home.ctp" is missing.
Exception Attributes: array (
  'file' => 'Pages/json/home.ctp',
)
Request URL: /mapster-api/
Stack Trace:
#0 /var/www/html/mapster-api/vendor/cakephp/cakephp/src/View/JsonView.php(127): Cake\View\View->_getViewFileName('home')
#1 /var/www/html/mapster-api/vendor/cakephp/cakephp/src/Controller/Controller.php(576): Cake\View\JsonView->render('home', NULL)
#2 /var/www/html/mapster-api/src/Controller/PagesController.php(57): Cake\Controller\Controller->render('home')
#3 [internal function]: App\Controller\PagesController->display('home')
#4 /var/www/html/mapster-api/vendor/cakephp/cakephp/src/Controller/Controller.php(405): call_user_func_array(Array, Array)
#5 /var/www/html/mapster-api/vendor/cakephp/cakephp/src/Routing/Dispatcher.php(114): Cake\Controller\Controller->invokeAction()
#6 /var/www/html/mapster-api/vendor/cakephp/cakephp/src/Routing/Dispatcher.php(87): Cake\Routing\Dispatcher->_invoke(Object(App\Controller\PagesController))
#7 /var/www/html/mapster-api/webroot/index.php(37): Cake\Routing\Dispatcher->dispatch(Object(Cake\Network\Request), Object(Cake\Network\Response))
#8 /var/www/html/mapster-api/index.php(16): require('/var/www/html/m...')
#9 {main}


2015-03-24 05:40:07 Warning: DebugKit not enabled. You need to either install pdo_sqlite, or define the "debug_kit" connection name.
2015-03-24 05:40:15 Warning: DebugKit not enabled. You need to either install pdo_sqlite, or define the "debug_kit" connection name.
2015-03-24 05:40:15 Error: [Cake\View\Exception\MissingTemplateException] Template file "Pages/json/home.ctp" is missing.
Exception Attributes: array (
  'file' => 'Pages/json/home.ctp',
)
Request URL: /mapster-api/
Stack Trace:
#0 /var/www/html/mapster-api/vendor/cakephp/cakephp/src/View/JsonView.php(127): Cake\View\View->_getViewFileName('home')
#1 /var/www/html/mapster-api/vendor/cakephp/cakephp/src/Controller/Controller.php(576): Cake\View\JsonView->render('home', NULL)
#2 /var/www/html/mapster-api/src/Controller/PagesController.php(57): Cake\Controller\Controller->render('home')
#3 [internal function]: App\Controller\PagesController->display('home')
#4 /var/www/html/mapster-api/vendor/cakephp/cakephp/src/Controller/Controller.php(405): call_user_func_array(Array, Array)
#5 /var/www/html/mapster-api/vendor/cakephp/cakephp/src/Routing/Dispatcher.php(114): Cake\Controller\Controller->invokeAction()
#6 /var/www/html/mapster-api/vendor/cakephp/cakephp/src/Routing/Dispatcher.php(87): Cake\Routing\Dispatcher->_invoke(Object(App\Controller\PagesController))
#7 /var/www/html/mapster-api/webroot/index.php(37): Cake\Routing\Dispatcher->dispatch(Object(Cake\Network\Request), Object(Cake\Network\Response))
#8 /var/www/html/mapster-api/index.php(16): require('/var/www/html/m...')
#9 {main}


2015-03-24 05:48:02 Warning: DebugKit not enabled. You need to either install pdo_sqlite, or define the "debug_kit" connection name.
2015-03-24 05:48:02 Error: [Cake\Routing\Exception\MissingControllerException] Controller class Map could not be found.
Exception Attributes: array (
  'class' => 'Map',
  'plugin' => NULL,
  'prefix' => NULL,
  '_ext' => NULL,
)
Request URL: /mapster-api/map
Stack Trace:
#0 /var/www/html/mapster-api/webroot/index.php(37): Cake\Routing\Dispatcher->dispatch(Object(Cake\Network\Request), Object(Cake\Network\Response))
#1 {main}


2015-03-24 05:48:05 Warning: DebugKit not enabled. You need to either install pdo_sqlite, or define the "debug_kit" connection name.
2015-03-24 05:48:22 Warning: DebugKit not enabled. You need to either install pdo_sqlite, or define the "debug_kit" connection name.
2015-03-24 05:48:30 Warning: DebugKit not enabled. You need to either install pdo_sqlite, or define the "debug_kit" connection name.
2015-03-24 05:49:50 Warning: DebugKit not enabled. You need to either install pdo_sqlite, or define the "debug_kit" connection name.
2015-03-24 05:50:12 Warning: DebugKit not enabled. You need to either install pdo_sqlite, or define the "debug_kit" connection name.
2015-03-24 05:50:17 Warning: DebugKit not enabled. You need to either install pdo_sqlite, or define the "debug_kit" connection name.
2015-03-24 05:50:27 Warning: DebugKit not enabled. You need to either install pdo_sqlite, or define the "debug_kit" connection name.
2015-03-24 05:53:25 Warning: DebugKit not enabled. You need to either install pdo_sqlite, or define the "debug_kit" connection name.
2015-03-24 05:53:30 Warning: DebugKit not enabled. You need to either install pdo_sqlite, or define the "debug_kit" connection name.
2015-03-24 05:53:42 Warning: DebugKit not enabled. You need to either install pdo_sqlite, or define the "debug_kit" connection name.
2015-03-24 05:53:42 Error: [InvalidArgumentException] Maps is not associated with Universe
Request URL: /mapster-api/maps?contains=Universe
Stack Trace:
#0 /var/www/html/mapster-api/vendor/cakephp/cakephp/src/ORM/EagerLoader.php(232): Cake\ORM\EagerLoader->_normalizeContain(Object(App\Model\Table\MapsTable), 'Universe', Array, Array)
#1 /var/www/html/mapster-api/vendor/cakephp/cakephp/src/ORM/EagerLoader.php(337): Cake\ORM\EagerLoader->normalized(Object(App\Model\Table\MapsTable))
#2 /var/www/html/mapster-api/vendor/cakephp/cakephp/src/ORM/EagerLoader.php(316): Cake\ORM\EagerLoader->attachableAssociations(Object(App\Model\Table\MapsTable))
#3 /var/www/html/mapster-api/vendor/cakephp/cakephp/src/ORM/Query.php(669): Cake\ORM\EagerLoader->attachAssociations(Object(Cake\ORM\Query), Object(App\Model\Table\MapsTable), true)
#4 /var/www/html/mapster-api/vendor/cakephp/cakephp/src/ORM/Query.php(625): Cake\ORM\Query->_transformQuery()
#5 /var/www/html/mapster-api/vendor/cakephp/cakephp/src/Database/Driver/Mysql.php(116): Cake\ORM\Query->sql()
#6 /var/www/html/mapster-api/vendor/cakephp/cakephp/src/Database/Connection.php(220): Cake\Database\Driver\Mysql->prepare(Object(Cake\ORM\Query))
#7 /var/www/html/mapster-api/vendor/cakephp/cakephp/src/Database/Connection.php(272): Cake\Database\Connection->prepare(Object(Cake\ORM\Query))
#8 /var/www/html/mapster-api/vendor/cakephp/cakephp/src/Database/Query.php(174): Cake\Database\Connection->run(Object(Cake\ORM\Query))
#9 /var/www/html/mapster-api/vendor/cakephp/cakephp/src/ORM/Query.php(644): Cake\Database\Query->execute()
#10 /var/www/html/mapster-api/vendor/cakephp/cakephp/src/Datasource/QueryTrait.php(218): Cake\ORM\Query->_execute()
#11 /var/www/html/mapster-api/vendor/cakephp/cakephp/src/ORM/Query.php(595): Cake\ORM\Query->_all()
#12 /var/www/html/mapster-api/vendor/cakephp/cakephp/src/Datasource/QueryTrait.php(234): Cake\ORM\Query->all()
#13 /var/www/html/mapster-api/src/Controller/AppController.php(34): Cake\ORM\Query->toArray()
#14 [internal function]: App\Controller\AppController->index()
#15 /var/www/html/mapster-api/vendor/cakephp/cakephp/src/Controller/Controller.php(405): call_user_func_array(Array, Array)
#16 /var/www/html/mapster-api/vendor/cakephp/cakephp/src/Routing/Dispatcher.php(114): Cake\Controller\Controller->invokeAction()
#17 /var/www/html/mapster-api/vendor/cakephp/cakephp/src/Routing/Dispatcher.php(87): Cake\Routing\Dispatcher->_invoke(Object(App\Controller\MapsController))
#18 /var/www/html/mapster-api/webroot/index.php(37): Cake\Routing\Dispatcher->dispatch(Object(Cake\Network\Request), Object(Cake\Network\Response))
#19 {main}


2015-03-24 05:53:47 Warning: DebugKit not enabled. You need to either install pdo_sqlite, or define the "debug_kit" connection name.
2015-03-24 05:54:14 Warning: DebugKit not enabled. You need to either install pdo_sqlite, or define the "debug_kit" connection name.
2015-03-24 05:54:27 Warning: DebugKit not enabled. You need to either install pdo_sqlite, or define the "debug_kit" connection name.
2015-03-24 05:54:31 Warning: DebugKit not enabled. You need to either install pdo_sqlite, or define the "debug_kit" connection name.
2015-03-24 05:55:03 Warning: DebugKit not enabled. You need to either install pdo_sqlite, or define the "debug_kit" connection name.
2015-03-24 05:55:14 Warning: DebugKit not enabled. You need to either install pdo_sqlite, or define the "debug_kit" connection name.
2015-03-24 05:56:02 Warning: DebugKit not enabled. You need to either install pdo_sqlite, or define the "debug_kit" connection name.
2015-03-24 05:56:14 Warning: DebugKit not enabled. You need to either install pdo_sqlite, or define the "debug_kit" connection name.
2015-03-24 05:56:14 Error: Fatal Error (1): Call to undefined method App\Controller\Component\ModelComponent::find() in [/var/www/html/mapster-api/src/Controller/AppController.php, line 76]
Trace:
Cake\Error\BaseErrorHandler::handleFatalError() - CORE/src/Error/BaseErrorHandler.php, line 191
Cake\Error\BaseErrorHandler::Cake\Error\{closure}() - CORE/src/Error/BaseErrorHandler.php, line 90
[main] - [internal], line ??



2015-03-24 05:56:14 Error: [Cake\Error\FatalErrorException] Call to undefined method App\Controller\Component\ModelComponent::find()
Request URL: /mapster-api/maps/1?contains=Universes
Stack Trace:
#0 /var/www/html/mapster-api/vendor/cakephp/cakephp/src/Error/BaseErrorHandler.php(90): Cake\Error\BaseErrorHandler->handleFatalError(1, 'Call to undefin...', '/var/www/html/m...', 76)
#1 [internal function]: Cake\Error\BaseErrorHandler->Cake\Error\{closure}()
#2 {main}


2015-03-24 05:56:28 Warning: DebugKit not enabled. You need to either install pdo_sqlite, or define the "debug_kit" connection name.
2015-03-24 05:56:44 Warning: DebugKit not enabled. You need to either install pdo_sqlite, or define the "debug_kit" connection name.
2015-03-24 05:56:56 Warning: DebugKit not enabled. You need to either install pdo_sqlite, or define the "debug_kit" connection name.
2015-03-24 05:57:37 Warning: DebugKit not enabled. You need to either install pdo_sqlite, or define the "debug_kit" connection name.
2015-03-24 05:57:42 Warning: DebugKit not enabled. You need to either install pdo_sqlite, or define the "debug_kit" connection name.
2015-03-24 05:57:42 Error: Fatal Error (1): Call to undefined method App\Controller\Component\ModelComponent::get() in [/var/www/html/mapster-api/src/Controller/AppController.php, line 77]
Trace:
Cake\Error\BaseErrorHandler::handleFatalError() - CORE/src/Error/BaseErrorHandler.php, line 191
Cake\Error\BaseErrorHandler::Cake\Error\{closure}() - CORE/src/Error/BaseErrorHandler.php, line 90
[main] - [internal], line ??



2015-03-24 05:57:42 Error: [Cake\Error\FatalErrorException] Call to undefined method App\Controller\Component\ModelComponent::get()
Request URL: /mapster-api/maps/1?contains=Universes
Stack Trace:
#0 /var/www/html/mapster-api/vendor/cakephp/cakephp/src/Error/BaseErrorHandler.php(90): Cake\Error\BaseErrorHandler->handleFatalError(1, 'Call to undefin...', '/var/www/html/m...', 77)
#1 [internal function]: Cake\Error\BaseErrorHandler->Cake\Error\{closure}()
#2 {main}


2015-03-24 05:58:08 Warning: DebugKit not enabled. You need to either install pdo_sqlite, or define the "debug_kit" connection name.
2015-03-24 05:58:30 Warning: DebugKit not enabled. You need to either install pdo_sqlite, or define the "debug_kit" connection name.
2015-03-24 05:58:30 Error: [BadMethodCallException] Unknown finder method "first"
Request URL: /mapster-api/maps/1?contains=Universes
Stack Trace:
#0 /var/www/html/mapster-api/vendor/cakephp/cakephp/src/ORM/Table.php(882): Cake\ORM\Table->callFinder('first', Object(Cake\ORM\Query), Array)
#1 /var/www/html/mapster-api/src/Controller/AppController.php(77): Cake\ORM\Table->find('first', Array)
#2 [internal function]: App\Controller\AppController->view('1')
#3 /var/www/html/mapster-api/vendor/cakephp/cakephp/src/Controller/Controller.php(405): call_user_func_array(Array, Array)
#4 /var/www/html/mapster-api/vendor/cakephp/cakephp/src/Routing/Dispatcher.php(114): Cake\Controller\Controller->invokeAction()
#5 /var/www/html/mapster-api/vendor/cakephp/cakephp/src/Routing/Dispatcher.php(87): Cake\Routing\Dispatcher->_invoke(Object(App\Controller\MapsController))
#6 /var/www/html/mapster-api/webroot/index.php(37): Cake\Routing\Dispatcher->dispatch(Object(Cake\Network\Request), Object(Cake\Network\Response))
#7 {main}


2015-03-24 05:59:17 Warning: DebugKit not enabled. You need to either install pdo_sqlite, or define the "debug_kit" connection name.
2015-03-24 05:59:25 Warning: DebugKit not enabled. You need to either install pdo_sqlite, or define the "debug_kit" connection name.
2015-03-24 06:00:28 Warning: DebugKit not enabled. You need to either install pdo_sqlite, or define the "debug_kit" connection name.
2015-03-24 06:01:00 Warning: DebugKit not enabled. You need to either install pdo_sqlite, or define the "debug_kit" connection name.
2015-03-24 06:01:01 Warning: Warning (4096): Argument 3 passed to Cake\ORM\Table::callFinder() must be of the type array, null given, called in /var/www/html/mapster-api/vendor/cakephp/cakephp/src/ORM/Table.php on line 882 and defined in [/var/www/html/mapster-api/vendor/cakephp/cakephp/src/ORM/Table.php, line 1736]
Trace:
Cake\Error\BaseErrorHandler::handleError() - CORE/src/Error/BaseErrorHandler.php, line 138
Cake\ORM\Table::callFinder() - CORE/src/ORM/Table.php, line 1736
Cake\ORM\Table::find() - CORE/src/ORM/Table.php, line 882
Cake\ORM\Table::get() - CORE/src/ORM/Table.php, line 1095
App\Controller\AppController::view() - APP/Controller/AppController.php, line 76
Cake\Controller\Controller::invokeAction() - CORE/src/Controller/Controller.php, line 405
Cake\Routing\Dispatcher::_invoke() - CORE/src/Routing/Dispatcher.php, line 114
Cake\Routing\Dispatcher::dispatch() - CORE/src/Routing/Dispatcher.php, line 87
[main] - ROOT/webroot/index.php, line 37



2015-03-24 06:01:01 Warning: Warning (4096): Argument 1 passed to Cake\ORM\Query::applyOptions() must be of the type array, null given, called in /var/www/html/mapster-api/vendor/cakephp/cakephp/src/ORM/Table.php on line 1738 and defined in [/var/www/html/mapster-api/vendor/cakephp/cakephp/src/ORM/Query.php, line 433]
Trace:
Cake\Error\BaseErrorHandler::handleError() - CORE/src/Error/BaseErrorHandler.php, line 138
Cake\ORM\Query::applyOptions() - CORE/src/ORM/Query.php, line 433
Cake\ORM\Table::callFinder() - CORE/src/ORM/Table.php, line 1738
Cake\ORM\Table::find() - CORE/src/ORM/Table.php, line 882
Cake\ORM\Table::get() - CORE/src/ORM/Table.php, line 1095
App\Controller\AppController::view() - APP/Controller/AppController.php, line 76
Cake\Controller\Controller::invokeAction() - CORE/src/Controller/Controller.php, line 405
Cake\Routing\Dispatcher::_invoke() - CORE/src/Routing/Dispatcher.php, line 114
Cake\Routing\Dispatcher::dispatch() - CORE/src/Routing/Dispatcher.php, line 87
[main] - ROOT/webroot/index.php, line 37



2015-03-24 06:01:01 Warning: Warning (2): ksort() expects parameter 1 to be array, null given in [/var/www/html/mapster-api/vendor/cakephp/cakephp/src/ORM/Query.php, line 448]
Trace:
Cake\Error\BaseErrorHandler::handleError() - CORE/src/Error/BaseErrorHandler.php, line 138
ksort - [internal], line ??
Cake\ORM\Query::applyOptions() - CORE/src/ORM/Query.php, line 448
Cake\ORM\Table::callFinder() - CORE/src/ORM/Table.php, line 1738
Cake\ORM\Table::find() - CORE/src/ORM/Table.php, line 882
Cake\ORM\Table::get() - CORE/src/ORM/Table.php, line 1095
App\Controller\AppController::view() - APP/Controller/AppController.php, line 76
Cake\Controller\Controller::invokeAction() - CORE/src/Controller/Controller.php, line 405
Cake\Routing\Dispatcher::_invoke() - CORE/src/Routing/Dispatcher.php, line 114
Cake\Routing\Dispatcher::dispatch() - CORE/src/Routing/Dispatcher.php, line 87
[main] - ROOT/webroot/index.php, line 37



2015-03-24 06:01:01 Warning: Warning (2): Invalid argument supplied for foreach() in [/var/www/html/mapster-api/vendor/cakephp/cakephp/src/ORM/Query.php, line 449]
Trace:
Cake\Error\BaseErrorHandler::handleError() - CORE/src/Error/BaseErrorHandler.php, line 138
Cake\ORM\Query::applyOptions() - CORE/src/ORM/Query.php, line 449
Cake\ORM\Table::callFinder() - CORE/src/ORM/Table.php, line 1738
Cake\ORM\Table::find() - CORE/src/ORM/Table.php, line 882
Cake\ORM\Table::get() - CORE/src/ORM/Table.php, line 1095
App\Controller\AppController::view() - APP/Controller/AppController.php, line 76
Cake\Controller\Controller::invokeAction() - CORE/src/Controller/Controller.php, line 405
Cake\Routing\Dispatcher::_invoke() - CORE/src/Routing/Dispatcher.php, line 114
Cake\Routing\Dispatcher::dispatch() - CORE/src/Routing/Dispatcher.php, line 87
[main] - ROOT/webroot/index.php, line 37



2015-03-24 06:01:06 Warning: DebugKit not enabled. You need to either install pdo_sqlite, or define the "debug_kit" connection name.
2015-03-24 06:01:53 Warning: DebugKit not enabled. You need to either install pdo_sqlite, or define the "debug_kit" connection name.
2015-03-24 06:02:01 Warning: DebugKit not enabled. You need to either install pdo_sqlite, or define the "debug_kit" connection name.
2015-03-24 06:02:04 Warning: DebugKit not enabled. You need to either install pdo_sqlite, or define the "debug_kit" connection name.
2015-03-24 06:02:18 Warning: DebugKit not enabled. You need to either install pdo_sqlite, or define the "debug_kit" connection name.
2015-03-24 06:02:26 Warning: DebugKit not enabled. You need to either install pdo_sqlite, or define the "debug_kit" connection name.
2015-03-24 06:02:28 Warning: DebugKit not enabled. You need to either install pdo_sqlite, or define the "debug_kit" connection name.
2015-03-24 06:02:31 Warning: DebugKit not enabled. You need to either install pdo_sqlite, or define the "debug_kit" connection name.
2015-03-24 06:02:31 Error: [InvalidArgumentException] Events is not associated with event_places
Request URL: /mapster-api/events?contains=event_places
Stack Trace:
#0 /var/www/html/mapster-api/vendor/cakephp/cakephp/src/ORM/EagerLoader.php(232): Cake\ORM\EagerLoader->_normalizeContain(Object(App\Model\Table\EventsTable), 'event_places', Array, Array)
#1 /var/www/html/mapster-api/vendor/cakephp/cakephp/src/ORM/EagerLoader.php(337): Cake\ORM\EagerLoader->normalized(Object(App\Model\Table\EventsTable))
#2 /var/www/html/mapster-api/vendor/cakephp/cakephp/src/ORM/EagerLoader.php(316): Cake\ORM\EagerLoader->attachableAssociations(Object(App\Model\Table\EventsTable))
#3 /var/www/html/mapster-api/vendor/cakephp/cakephp/src/ORM/Query.php(669): Cake\ORM\EagerLoader->attachAssociations(Object(Cake\ORM\Query), Object(App\Model\Table\EventsTable), true)
#4 /var/www/html/mapster-api/vendor/cakephp/cakephp/src/ORM/Query.php(625): Cake\ORM\Query->_transformQuery()
#5 /var/www/html/mapster-api/vendor/cakephp/cakephp/src/Database/Driver/Mysql.php(116): Cake\ORM\Query->sql()
#6 /var/www/html/mapster-api/vendor/cakephp/cakephp/src/Database/Connection.php(220): Cake\Database\Driver\Mysql->prepare(Object(Cake\ORM\Query))
#7 /var/www/html/mapster-api/vendor/cakephp/cakephp/src/Database/Connection.php(272): Cake\Database\Connection->prepare(Object(Cake\ORM\Query))
#8 /var/www/html/mapster-api/vendor/cakephp/cakephp/src/Database/Query.php(174): Cake\Database\Connection->run(Object(Cake\ORM\Query))
#9 /var/www/html/mapster-api/vendor/cakephp/cakephp/src/ORM/Query.php(644): Cake\Database\Query->execute()
#10 /var/www/html/mapster-api/vendor/cakephp/cakephp/src/Datasource/QueryTrait.php(218): Cake\ORM\Query->_execute()
#11 /var/www/html/mapster-api/vendor/cakephp/cakephp/src/ORM/Query.php(595): Cake\ORM\Query->_all()
#12 /var/www/html/mapster-api/vendor/cakephp/cakephp/src/Datasource/QueryTrait.php(234): Cake\ORM\Query->all()
#13 /var/www/html/mapster-api/src/Controller/AppController.php(34): Cake\ORM\Query->toArray()
#14 [internal function]: App\Controller\AppController->index()
#15 /var/www/html/mapster-api/vendor/cakephp/cakephp/src/Controller/Controller.php(405): call_user_func_array(Array, Array)
#16 /var/www/html/mapster-api/vendor/cakephp/cakephp/src/Routing/Dispatcher.php(114): Cake\Controller\Controller->invokeAction()
#17 /var/www/html/mapster-api/vendor/cakephp/cakephp/src/Routing/Dispatcher.php(87): Cake\Routing\Dispatcher->_invoke(Object(App\Controller\EventsController))
#18 /var/www/html/mapster-api/webroot/index.php(37): Cake\Routing\Dispatcher->dispatch(Object(Cake\Network\Request), Object(Cake\Network\Response))
#19 {main}


2015-03-24 06:02:34 Warning: DebugKit not enabled. You need to either install pdo_sqlite, or define the "debug_kit" connection name.
2015-03-24 06:02:34 Error: [InvalidArgumentException] Events is not associated with places
Request URL: /mapster-api/events?contains=places
Stack Trace:
#0 /var/www/html/mapster-api/vendor/cakephp/cakephp/src/ORM/EagerLoader.php(232): Cake\ORM\EagerLoader->_normalizeContain(Object(App\Model\Table\EventsTable), 'places', Array, Array)
#1 /var/www/html/mapster-api/vendor/cakephp/cakephp/src/ORM/EagerLoader.php(337): Cake\ORM\EagerLoader->normalized(Object(App\Model\Table\EventsTable))
#2 /var/www/html/mapster-api/vendor/cakephp/cakephp/src/ORM/EagerLoader.php(316): Cake\ORM\EagerLoader->attachableAssociations(Object(App\Model\Table\EventsTable))
#3 /var/www/html/mapster-api/vendor/cakephp/cakephp/src/ORM/Query.php(669): Cake\ORM\EagerLoader->attachAssociations(Object(Cake\ORM\Query), Object(App\Model\Table\EventsTable), true)
#4 /var/www/html/mapster-api/vendor/cakephp/cakephp/src/ORM/Query.php(625): Cake\ORM\Query->_transformQuery()
#5 /var/www/html/mapster-api/vendor/cakephp/cakephp/src/Database/Driver/Mysql.php(116): Cake\ORM\Query->sql()
#6 /var/www/html/mapster-api/vendor/cakephp/cakephp/src/Database/Connection.php(220): Cake\Database\Driver\Mysql->prepare(Object(Cake\ORM\Query))
#7 /var/www/html/mapster-api/vendor/cakephp/cakephp/src/Database/Connection.php(272): Cake\Database\Connection->prepare(Object(Cake\ORM\Query))
#8 /var/www/html/mapster-api/vendor/cakephp/cakephp/src/Database/Query.php(174): Cake\Database\Connection->run(Object(Cake\ORM\Query))
#9 /var/www/html/mapster-api/vendor/cakephp/cakephp/src/ORM/Query.php(644): Cake\Database\Query->execute()
#10 /var/www/html/mapster-api/vendor/cakephp/cakephp/src/Datasource/QueryTrait.php(218): Cake\ORM\Query->_execute()
#11 /var/www/html/mapster-api/vendor/cakephp/cakephp/src/ORM/Query.php(595): Cake\ORM\Query->_all()
#12 /var/www/html/mapster-api/vendor/cakephp/cakephp/src/Datasource/QueryTrait.php(234): Cake\ORM\Query->all()
#13 /var/www/html/mapster-api/src/Controller/AppController.php(34): Cake\ORM\Query->toArray()
#14 [internal function]: App\Controller\AppController->index()
#15 /var/www/html/mapster-api/vendor/cakephp/cakephp/src/Controller/Controller.php(405): call_user_func_array(Array, Array)
#16 /var/www/html/mapster-api/vendor/cakephp/cakephp/src/Routing/Dispatcher.php(114): Cake\Controller\Controller->invokeAction()
#17 /var/www/html/mapster-api/vendor/cakephp/cakephp/src/Routing/Dispatcher.php(87): Cake\Routing\Dispatcher->_invoke(Object(App\Controller\EventsController))
#18 /var/www/html/mapster-api/webroot/index.php(37): Cake\Routing\Dispatcher->dispatch(Object(Cake\Network\Request), Object(Cake\Network\Response))
#19 {main}


2015-03-24 06:02:37 Warning: DebugKit not enabled. You need to either install pdo_sqlite, or define the "debug_kit" connection name.
2015-03-24 06:02:37 Error: [InvalidArgumentException] Events is not associated with Places
Request URL: /mapster-api/events?contains=Places
Stack Trace:
#0 /var/www/html/mapster-api/vendor/cakephp/cakephp/src/ORM/EagerLoader.php(232): Cake\ORM\EagerLoader->_normalizeContain(Object(App\Model\Table\EventsTable), 'Places', Array, Array)
#1 /var/www/html/mapster-api/vendor/cakephp/cakephp/src/ORM/EagerLoader.php(337): Cake\ORM\EagerLoader->normalized(Object(App\Model\Table\EventsTable))
#2 /var/www/html/mapster-api/vendor/cakephp/cakephp/src/ORM/EagerLoader.php(316): Cake\ORM\EagerLoader->attachableAssociations(Object(App\Model\Table\EventsTable))
#3 /var/www/html/mapster-api/vendor/cakephp/cakephp/src/ORM/Query.php(669): Cake\ORM\EagerLoader->attachAssociations(Object(Cake\ORM\Query), Object(App\Model\Table\EventsTable), true)
#4 /var/www/html/mapster-api/vendor/cakephp/cakephp/src/ORM/Query.php(625): Cake\ORM\Query->_transformQuery()
#5 /var/www/html/mapster-api/vendor/cakephp/cakephp/src/Database/Driver/Mysql.php(116): Cake\ORM\Query->sql()
#6 /var/www/html/mapster-api/vendor/cakephp/cakephp/src/Database/Connection.php(220): Cake\Database\Driver\Mysql->prepare(Object(Cake\ORM\Query))
#7 /var/www/html/mapster-api/vendor/cakephp/cakephp/src/Database/Connection.php(272): Cake\Database\Connection->prepare(Object(Cake\ORM\Query))
#8 /var/www/html/mapster-api/vendor/cakephp/cakephp/src/Database/Query.php(174): Cake\Database\Connection->run(Object(Cake\ORM\Query))
#9 /var/www/html/mapster-api/vendor/cakephp/cakephp/src/ORM/Query.php(644): Cake\Database\Query->execute()
#10 /var/www/html/mapster-api/vendor/cakephp/cakephp/src/Datasource/QueryTrait.php(218): Cake\ORM\Query->_execute()
#11 /var/www/html/mapster-api/vendor/cakephp/cakephp/src/ORM/Query.php(595): Cake\ORM\Query->_all()
#12 /var/www/html/mapster-api/vendor/cakephp/cakephp/src/Datasource/QueryTrait.php(234): Cake\ORM\Query->all()
#13 /var/www/html/mapster-api/src/Controller/AppController.php(34): Cake\ORM\Query->toArray()
#14 [internal function]: App\Controller\AppController->index()
#15 /var/www/html/mapster-api/vendor/cakephp/cakephp/src/Controller/Controller.php(405): call_user_func_array(Array, Array)
#16 /var/www/html/mapster-api/vendor/cakephp/cakephp/src/Routing/Dispatcher.php(114): Cake\Controller\Controller->invokeAction()
#17 /var/www/html/mapster-api/vendor/cakephp/cakephp/src/Routing/Dispatcher.php(87): Cake\Routing\Dispatcher->_invoke(Object(App\Controller\EventsController))
#18 /var/www/html/mapster-api/webroot/index.php(37): Cake\Routing\Dispatcher->dispatch(Object(Cake\Network\Request), Object(Cake\Network\Response))
#19 {main}


2015-03-24 06:02:43 Warning: DebugKit not enabled. You need to either install pdo_sqlite, or define the "debug_kit" connection name.
2015-03-24 06:02:56 Warning: DebugKit not enabled. You need to either install pdo_sqlite, or define the "debug_kit" connection name.
2015-03-24 06:03:22 Warning: DebugKit not enabled. You need to either install pdo_sqlite, or define the "debug_kit" connection name.
2015-03-24 06:03:32 Warning: DebugKit not enabled. You need to either install pdo_sqlite, or define the "debug_kit" connection name.
2015-03-24 06:03:32 Error: [InvalidArgumentException] Events is not associated with Places
Request URL: /mapster-api/events?contains=Places
Stack Trace:
#0 /var/www/html/mapster-api/vendor/cakephp/cakephp/src/ORM/EagerLoader.php(232): Cake\ORM\EagerLoader->_normalizeContain(Object(App\Model\Table\EventsTable), 'Places', Array, Array)
#1 /var/www/html/mapster-api/vendor/cakephp/cakephp/src/ORM/EagerLoader.php(337): Cake\ORM\EagerLoader->normalized(Object(App\Model\Table\EventsTable))
#2 /var/www/html/mapster-api/vendor/cakephp/cakephp/src/ORM/EagerLoader.php(316): Cake\ORM\EagerLoader->attachableAssociations(Object(App\Model\Table\EventsTable))
#3 /var/www/html/mapster-api/vendor/cakephp/cakephp/src/ORM/Query.php(669): Cake\ORM\EagerLoader->attachAssociations(Object(Cake\ORM\Query), Object(App\Model\Table\EventsTable), true)
#4 /var/www/html/mapster-api/vendor/cakephp/cakephp/src/ORM/Query.php(625): Cake\ORM\Query->_transformQuery()
#5 /var/www/html/mapster-api/vendor/cakephp/cakephp/src/Database/Driver/Mysql.php(116): Cake\ORM\Query->sql()
#6 /var/www/html/mapster-api/vendor/cakephp/cakephp/src/Database/Connection.php(220): Cake\Database\Driver\Mysql->prepare(Object(Cake\ORM\Query))
#7 /var/www/html/mapster-api/vendor/cakephp/cakephp/src/Database/Connection.php(272): Cake\Database\Connection->prepare(Object(Cake\ORM\Query))
#8 /var/www/html/mapster-api/vendor/cakephp/cakephp/src/Database/Query.php(174): Cake\Database\Connection->run(Object(Cake\ORM\Query))
#9 /var/www/html/mapster-api/vendor/cakephp/cakephp/src/ORM/Query.php(644): Cake\Database\Query->execute()
#10 /var/www/html/mapster-api/vendor/cakephp/cakephp/src/Datasource/QueryTrait.php(218): Cake\ORM\Query->_execute()
#11 /var/www/html/mapster-api/vendor/cakephp/cakephp/src/ORM/Query.php(595): Cake\ORM\Query->_all()
#12 /var/www/html/mapster-api/vendor/cakephp/cakephp/src/Datasource/QueryTrait.php(234): Cake\ORM\Query->all()
#13 /var/www/html/mapster-api/src/Controller/AppController.php(34): Cake\ORM\Query->toArray()
#14 [internal function]: App\Controller\AppController->index()
#15 /var/www/html/mapster-api/vendor/cakephp/cakephp/src/Controller/Controller.php(405): call_user_func_array(Array, Array)
#16 /var/www/html/mapster-api/vendor/cakephp/cakephp/src/Routing/Dispatcher.php(114): Cake\Controller\Controller->invokeAction()
#17 /var/www/html/mapster-api/vendor/cakephp/cakephp/src/Routing/Dispatcher.php(87): Cake\Routing\Dispatcher->_invoke(Object(App\Controller\EventsController))
#18 /var/www/html/mapster-api/webroot/index.php(37): Cake\Routing\Dispatcher->dispatch(Object(Cake\Network\Request), Object(Cake\Network\Response))
#19 {main}


2015-03-24 06:05:41 Warning: DebugKit not enabled. You need to either install pdo_sqlite, or define the "debug_kit" connection name.
2015-03-24 06:05:52 Warning: DebugKit not enabled. You need to either install pdo_sqlite, or define the "debug_kit" connection name.
2015-03-24 06:06:45 Warning: DebugKit not enabled. You need to either install pdo_sqlite, or define the "debug_kit" connection name.
2015-03-24 06:06:52 Warning: DebugKit not enabled. You need to either install pdo_sqlite, or define the "debug_kit" connection name.
2015-03-24 06:07:05 Warning: DebugKit not enabled. You need to either install pdo_sqlite, or define the "debug_kit" connection name.
2015-03-24 06:07:11 Warning: DebugKit not enabled. You need to either install pdo_sqlite, or define the "debug_kit" connection name.
2015-03-24 06:07:24 Warning: DebugKit not enabled. You need to either install pdo_sqlite, or define the "debug_kit" connection name.
2015-03-24 06:07:51 Warning: DebugKit not enabled. You need to either install pdo_sqlite, or define the "debug_kit" connection name.
2015-03-24 06:07:59 Warning: DebugKit not enabled. You need to either install pdo_sqlite, or define the "debug_kit" connection name.
2015-03-24 06:08:07 Warning: DebugKit not enabled. You need to either install pdo_sqlite, or define the "debug_kit" connection name.
2015-03-24 06:10:14 Warning: DebugKit not enabled. You need to either install pdo_sqlite, or define the "debug_kit" connection name.
2015-03-24 06:11:47 Warning: DebugKit not enabled. You need to either install pdo_sqlite, or define the "debug_kit" connection name.
2015-03-24 06:12:08 Warning: DebugKit not enabled. You need to either install pdo_sqlite, or define the "debug_kit" connection name.
2015-03-24 06:12:09 Warning: DebugKit not enabled. You need to either install pdo_sqlite, or define the "debug_kit" connection name.
2015-03-24 06:12:22 Warning: DebugKit not enabled. You need to either install pdo_sqlite, or define the "debug_kit" connection name.
2015-03-24 06:12:23 Warning: DebugKit not enabled. You need to either install pdo_sqlite, or define the "debug_kit" connection name.
2015-03-24 06:13:04 Warning: DebugKit not enabled. You need to either install pdo_sqlite, or define the "debug_kit" connection name.
2015-03-24 06:13:09 Warning: DebugKit not enabled. You need to either install pdo_sqlite, or define the "debug_kit" connection name.
